2015-10-07 19:51:54,597 ERROR [main] - System.err - [org.eclipse.jdt.launching] error can't determine modifiers of missing type org.eclipse.pde.internal.ui.wizards.imports.PluginImportHelper
when weaving type org.eclipse.jdt.launching.JavaRuntime
when weaving classes 
when weaving 
 [Xlint:cantFindType]
2015-10-07 19:51:54,650 ERROR [main] - System.err - [org.eclipse.debug.core] error can't determine modifiers of missing type org.eclipse.pde.internal.ui.wizards.imports.PluginImportHelper
when weaving type org.eclipse.debug.core.ILaunchesListener
when weaving classes 
when weaving 
 [Xlint:cantFindType]
2015-10-07 19:52:00,960 ERROR [main] - System.err - [org.eclipse.jdt.debug.ui] error can't determine modifiers of missing type org.eclipse.pde.internal.ui.wizards.imports.PluginImportHelper
when weaving type org.eclipse.jdt.internal.debug.ui.actions.RetargettableActionAdapterFactory
when weaving classes 
when weaving 
 [Xlint:cantFindType]
2015-10-07 19:52:01,028 ERROR [main] - System.err - [org.eclipse.jdt.debug] error can't determine modifiers of missing type org.eclipse.pde.internal.ui.wizards.imports.PluginImportHelper
when weaving type org.eclipse.jdt.debug.core.IJavaHotCodeReplaceListener
when weaving classes 
when weaving 
 [Xlint:cantFindType]
2015-10-07 20:11:24,076  WARN [ModalContext] - ScalaProject - Project TempScalaProject has platform default sourceLevel.
2015-10-07 20:11:24,078  WARN [ModalContext] - ScalaProject - Project TempScalaProject runs on platform default installation.
2015-10-07 20:11:24,841  WARN [Worker-14] - ScalaProject - Project TempScalaProject has platform default sourceLevel.
2015-10-07 20:11:24,842  WARN [Worker-14] - ScalaProject - Project TempScalaProject runs on platform default installation.
2015-10-07 20:11:39,608  WARN [Worker-14] - ScalaProject - Project TempScalaProject has platform default sourceLevel.
2015-10-07 20:11:39,608  WARN [Worker-14] - ScalaProject - Project TempScalaProject runs on platform default installation.
2015-10-07 20:11:39,628  WARN [Worker-14] - ScalaProject - Project TempScalaProject has platform default sourceLevel.
2015-10-07 20:11:39,628  WARN [Worker-14] - ScalaProject - Project TempScalaProject runs on platform default installation.
2015-10-07 20:16:54,963  WARN [main] - ScalaProject - Project TempScalaProject has platform default sourceLevel.
2015-10-07 20:16:54,963  WARN [main] - ScalaProject - Project TempScalaProject runs on platform default installation.
2015-10-07 20:16:56,907  WARN [main] - ScalaProject - Project TempScalaProject has platform default sourceLevel.
2015-10-07 20:16:56,907  WARN [main] - ScalaProject - Project TempScalaProject runs on platform default installation.
2015-10-07 20:16:57,389  WARN [Worker-17] - ScalaProject - Project TempScalaProject has platform default sourceLevel.
2015-10-07 20:16:57,390  WARN [Worker-17] - ScalaProject - Project TempScalaProject runs on platform default installation.
2015-10-07 20:16:57,417  WARN [Worker-17] - ScalaProject - Project TempScalaProject has platform default sourceLevel.
2015-10-07 20:16:57,417  WARN [Worker-17] - ScalaProject - Project TempScalaProject runs on platform default installation.
2015-10-07 20:17:00,643  WARN [Worker-17] - ScalaProject - Project TempScalaProject has platform default sourceLevel.
2015-10-07 20:17:00,644  WARN [Worker-17] - ScalaProject - Project TempScalaProject runs on platform default installation.
2015-10-07 20:17:16,898 ERROR [main] - System.err - [org.eclipse.jdt.junit] error can't determine modifiers of missing type org.eclipse.pde.internal.ui.wizards.imports.PluginImportHelper
when weaving type org.eclipse.jdt.internal.junit.ui.JUnitQuickFixProcessor
when weaving classes 
when weaving 
 [Xlint:cantFindType]
2015-10-07 20:18:10,981  WARN [Worker-14] - ScalaProject - Project TempScalaProject has platform default sourceLevel.
2015-10-07 20:18:10,981  WARN [Worker-14] - ScalaProject - Project TempScalaProject runs on platform default installation.
2015-10-07 20:18:10,998  WARN [Worker-14] - ScalaProject - Project TempScalaProject has platform default sourceLevel.
2015-10-07 20:18:10,999  WARN [Worker-14] - ScalaProject - Project TempScalaProject runs on platform default installation.
2015-10-07 20:18:11,714  WARN [Worker-14] - ScalaProject - Project TempScalaProject has platform default sourceLevel.
2015-10-07 20:18:11,714  WARN [Worker-14] - ScalaProject - Project TempScalaProject runs on platform default installation.
2015-10-07 20:19:09,844  WARN [Worker-14] - ScalaProject - Project TempScalaProject has platform default sourceLevel.
2015-10-07 20:19:09,844  WARN [Worker-14] - ScalaProject - Project TempScalaProject runs on platform default installation.
2015-10-07 20:19:09,860  WARN [Worker-14] - ScalaProject - Project TempScalaProject has platform default sourceLevel.
2015-10-07 20:19:09,860  WARN [Worker-14] - ScalaProject - Project TempScalaProject runs on platform default installation.
2015-10-07 20:19:09,877  WARN [Worker-14] - ScalaProject - Project TempScalaProject has platform default sourceLevel.
2015-10-07 20:19:09,877  WARN [Worker-14] - ScalaProject - Project TempScalaProject runs on platform default installation.
2015-10-07 20:26:49,950 ERROR [main] - System.err - [org.eclipse.jdt.launching] error can't determine modifiers of missing type org.eclipse.pde.internal.ui.wizards.imports.PluginImportHelper
when weaving type org.eclipse.jdt.launching.JavaRuntime
when weaving classes 
when weaving 
 [Xlint:cantFindType]
2015-10-07 20:26:50,010 ERROR [main] - System.err - [org.eclipse.debug.core] error can't determine modifiers of missing type org.eclipse.pde.internal.ui.wizards.imports.PluginImportHelper
when weaving type org.eclipse.debug.core.ILaunchesListener
when weaving classes 
when weaving 
 [Xlint:cantFindType]
2015-10-07 20:26:50,803  WARN [main] - ScalaProject - Project TempScalaProject has platform default sourceLevel.
2015-10-07 20:26:50,804  WARN [main] - ScalaProject - Project TempScalaProject runs on platform default installation.
2015-10-07 20:26:50,809  WARN [main] - ScalaProject - Project TempScalaProject has platform default sourceLevel.
2015-10-07 20:26:50,810  WARN [main] - ScalaProject - Project TempScalaProject runs on platform default installation.
2015-10-07 20:27:12,927 ERROR [main] - System.err - [org.eclipse.jdt.debug.ui] error can't determine modifiers of missing type org.eclipse.pde.internal.ui.wizards.imports.PluginImportHelper
when weaving type org.eclipse.jdt.internal.debug.ui.actions.RetargettableActionAdapterFactory
when weaving classes 
when weaving 
 [Xlint:cantFindType]
2015-10-07 20:27:12,969 ERROR [main] - System.err - [org.eclipse.jdt.debug] error can't determine modifiers of missing type org.eclipse.pde.internal.ui.wizards.imports.PluginImportHelper
when weaving type org.eclipse.jdt.debug.core.IJavaHotCodeReplaceListener
when weaving classes 
when weaving 
 [Xlint:cantFindType]
2015-10-07 20:30:40,828  WARN [Worker-12] - ScalaProject - Project TempScalaProject has platform default sourceLevel.
2015-10-07 20:30:40,829  WARN [Worker-12] - ScalaProject - Project TempScalaProject runs on platform default installation.
2015-10-07 20:30:40,874  WARN [Worker-12] - ScalaProject - Project TempScalaProject has platform default sourceLevel.
2015-10-07 20:30:40,875  WARN [Worker-12] - ScalaProject - Project TempScalaProject runs on platform default installation.
2015-10-07 20:30:41,128  WARN [Worker-12] - ScalaProject - Project TempScalaProject has platform default sourceLevel.
2015-10-07 20:30:41,129  WARN [Worker-12] - ScalaProject - Project TempScalaProject runs on platform default installation.
2015-10-07 20:30:44,774  WARN [Worker-12] - ScalaProject - Project TempScalaProject has platform default sourceLevel.
2015-10-07 20:30:44,775  WARN [Worker-12] - ScalaProject - Project TempScalaProject runs on platform default installation.
2015-10-07 20:31:02,294 ERROR [main] - System.err - [org.eclipse.jdt.junit] error can't determine modifiers of missing type org.eclipse.pde.internal.ui.wizards.imports.PluginImportHelper
when weaving type org.eclipse.jdt.internal.junit.ui.JUnitPreferencePage
when weaving classes 
when weaving 
 [Xlint:cantFindType]
2015-10-07 20:31:16,584  WARN [Worker-3] - ScalaProject - Project TempScalaProject has platform default sourceLevel.
2015-10-07 20:31:16,585  WARN [Worker-3] - ScalaProject - Project TempScalaProject runs on platform default installation.
2015-10-07 20:31:16,606  WARN [Worker-3] - ScalaProject - Project TempScalaProject has platform default sourceLevel.
2015-10-07 20:31:16,606  WARN [Worker-3] - ScalaProject - Project TempScalaProject runs on platform default installation.
2015-10-07 20:31:16,628  WARN [Worker-3] - ScalaProject - Project TempScalaProject has platform default sourceLevel.
2015-10-07 20:31:16,629  WARN [Worker-3] - ScalaProject - Project TempScalaProject runs on platform default installation.
2015-10-07 20:33:15,415 ERROR [org.eclipse.jface.text.reconciler.MonoReconciler] - System.err - Exception in thread "org.eclipse.jface.text.reconciler.MonoReconciler"
2015-10-07 20:33:15,416 ERROR [org.eclipse.jface.text.reconciler.MonoReconciler] - System.err - java.lang.NullPointerException
2015-10-07 20:33:15,416 ERROR [org.eclipse.jface.text.reconciler.MonoReconciler] - System.err - at org.scalaide.worksheet.ScriptCompilationUnit$.fromEditor(ScriptCompilationUnit.scala:91)
2015-10-07 20:33:15,416 ERROR [org.eclipse.jface.text.reconciler.MonoReconciler] - System.err - at org.scalaide.worksheet.reconciler.ScalaReconcilingStrategy.org$scalaide$worksheet$reconciler$ScalaReconcilingStrategy$$scriptUnit$lzycompute(ScalaReconcilingStrategy.scala:16)
2015-10-07 20:33:15,416 ERROR [org.eclipse.jface.text.reconciler.MonoReconciler] - System.err - at org.scalaide.worksheet.reconciler.ScalaReconcilingStrategy.org$scalaide$worksheet$reconciler$ScalaReconcilingStrategy$$scriptUnit(ScalaReconcilingStrategy.scala:16)
2015-10-07 20:33:15,416 ERROR [org.eclipse.jface.text.reconciler.MonoReconciler] - System.err - at org.scalaide.worksheet.reconciler.ScalaReconcilingStrategy.initialReconcile(ScalaReconcilingStrategy.scala:46)
2015-10-07 20:33:15,416 ERROR [org.eclipse.jface.text.reconciler.MonoReconciler] - System.err - at org.eclipse.jface.text.reconciler.MonoReconciler.initialProcess(MonoReconciler.java:105)
2015-10-07 20:33:15,416 ERROR [org.eclipse.jface.text.reconciler.MonoReconciler] - System.err - at org.eclipse.jface.text.reconciler.AbstractReconciler$BackgroundThread.run(AbstractReconciler.java:173)
2015-10-07 20:59:55,422 ERROR [main] - System.err - [org.eclipse.jdt.launching] error can't determine modifiers of missing type org.eclipse.pde.internal.ui.wizards.imports.PluginImportHelper
when weaving type org.eclipse.jdt.launching.JavaRuntime
when weaving classes 
when weaving 
 [Xlint:cantFindType]
2015-10-07 20:59:55,477 ERROR [main] - System.err - [org.eclipse.debug.core] error can't determine modifiers of missing type org.eclipse.pde.internal.ui.wizards.imports.PluginImportHelper
when weaving type org.eclipse.debug.core.ILaunchesListener
when weaving classes 
when weaving 
 [Xlint:cantFindType]
2015-10-07 20:59:56,423  WARN [main] - ScalaProject - Project TempScalaProject has platform default sourceLevel.
2015-10-07 20:59:56,423  WARN [main] - ScalaProject - Project TempScalaProject runs on platform default installation.
2015-10-07 20:59:56,429  WARN [main] - ScalaProject - Project TempScalaProject has platform default sourceLevel.
2015-10-07 20:59:56,429  WARN [main] - ScalaProject - Project TempScalaProject runs on platform default installation.
2015-10-07 21:00:06,003 ERROR [main] - System.err - [org.eclipse.jdt.debug.ui] error can't determine modifiers of missing type org.eclipse.pde.internal.ui.wizards.imports.PluginImportHelper
when weaving type org.eclipse.jdt.internal.debug.ui.actions.ToggleBreakpointAdapter
when weaving classes 
when weaving 
 [Xlint:cantFindType]
2015-10-07 21:00:06,059 ERROR [main] - System.err - [org.eclipse.jdt.debug] error can't determine modifiers of missing type org.eclipse.pde.internal.ui.wizards.imports.PluginImportHelper
when weaving type org.eclipse.jdt.debug.core.IJavaHotCodeReplaceListener
when weaving classes 
when weaving 
 [Xlint:cantFindType]
2015-10-07 21:01:36,801 ERROR [main] - System.err - [org.eclipse.jdt.launching] error can't determine modifiers of missing type org.eclipse.pde.internal.ui.wizards.imports.PluginImportHelper
when weaving type org.eclipse.jdt.launching.JavaRuntime
when weaving classes 
when weaving 
 [Xlint:cantFindType]
2015-10-07 21:01:36,858 ERROR [main] - System.err - [org.eclipse.debug.core] error can't determine modifiers of missing type org.eclipse.pde.internal.ui.wizards.imports.PluginImportHelper
when weaving type org.eclipse.debug.core.ILaunchesListener
when weaving classes 
when weaving 
 [Xlint:cantFindType]
2015-10-07 21:01:37,777  WARN [main] - ScalaProject - Project TempScalaProject has platform default sourceLevel.
2015-10-07 21:01:37,778  WARN [main] - ScalaProject - Project TempScalaProject runs on platform default installation.
2015-10-07 21:01:37,783  WARN [main] - ScalaProject - Project TempScalaProject has platform default sourceLevel.
2015-10-07 21:01:37,783  WARN [main] - ScalaProject - Project TempScalaProject runs on platform default installation.
2015-10-07 21:01:41,212 ERROR [main] - System.err - [org.eclipse.jdt.debug.ui] error can't determine modifiers of missing type org.eclipse.pde.internal.ui.wizards.imports.PluginImportHelper
when weaving type org.eclipse.jdt.internal.debug.ui.actions.ToggleBreakpointAdapter
when weaving classes 
when weaving 
 [Xlint:cantFindType]
2015-10-07 21:01:41,259 ERROR [main] - System.err - [org.eclipse.jdt.debug] error can't determine modifiers of missing type org.eclipse.pde.internal.ui.wizards.imports.PluginImportHelper
when weaving type org.eclipse.jdt.debug.core.IJavaHotCodeReplaceListener
when weaving classes 
when weaving 
 [Xlint:cantFindType]
2015-10-07 21:02:22,110  WARN [Worker-4] - ScalaProject - Project TempScalaProject has platform default sourceLevel.
2015-10-07 21:02:22,111  WARN [Worker-4] - ScalaProject - Project TempScalaProject runs on platform default installation.
2015-10-07 21:02:22,140  WARN [Worker-4] - ScalaProject - Project TempScalaProject has platform default sourceLevel.
2015-10-07 21:02:22,140  WARN [Worker-4] - ScalaProject - Project TempScalaProject runs on platform default installation.
2015-10-07 21:02:22,424  WARN [Worker-4] - ScalaProject - Project TempScalaProject has platform default sourceLevel.
2015-10-07 21:02:22,424  WARN [Worker-4] - ScalaProject - Project TempScalaProject runs on platform default installation.
2015-10-07 21:02:25,625  WARN [Worker-4] - ScalaProject - Project TempScalaProject has platform default sourceLevel.
2015-10-07 21:02:25,626  WARN [Worker-4] - ScalaProject - Project TempScalaProject runs on platform default installation.
2015-10-07 21:06:23,609  WARN [Worker-0] - ScalaProject - Project TempScalaProject has platform default sourceLevel.
2015-10-07 21:06:23,609  WARN [Worker-0] - ScalaProject - Project TempScalaProject runs on platform default installation.
2015-10-07 21:06:23,643  WARN [Worker-0] - ScalaProject - Project TempScalaProject has platform default sourceLevel.
2015-10-07 21:06:23,643  WARN [Worker-0] - ScalaProject - Project TempScalaProject runs on platform default installation.
2015-10-07 21:06:23,664  WARN [Worker-0] - ScalaProject - Project TempScalaProject has platform default sourceLevel.
2015-10-07 21:06:23,665  WARN [Worker-0] - ScalaProject - Project TempScalaProject runs on platform default installation.
2015-10-07 21:12:51,987 ERROR [main] - System.err - [org.eclipse.debug.core] error can't determine modifiers of missing type org.eclipse.pde.internal.ui.wizards.imports.PluginImportHelper
when weaving type org.eclipse.debug.core.ILaunchListener
when weaving classes 
when weaving 
 [Xlint:cantFindType]
2015-10-07 21:12:52,591  WARN [main] - ScalaProject - Project TempScalaProject has platform default sourceLevel.
2015-10-07 21:12:52,592  WARN [main] - ScalaProject - Project TempScalaProject runs on platform default installation.
2015-10-07 21:12:52,599  WARN [main] - ScalaProject - Project TempScalaProject has platform default sourceLevel.
2015-10-07 21:12:52,599  WARN [main] - ScalaProject - Project TempScalaProject runs on platform default installation.
2015-10-07 21:12:52,649 ERROR [main] - System.err - [org.eclipse.jdt.launching] error can't determine modifiers of missing type org.eclipse.pde.internal.ui.wizards.imports.PluginImportHelper
when weaving type org.eclipse.jdt.internal.launching.JREContainerInitializer
when weaving classes 
when weaving 
 [Xlint:cantFindType]
2015-10-07 21:16:20,079 ERROR [main] - System.err - [org.eclipse.jdt.debug.ui] error can't determine modifiers of missing type org.eclipse.pde.internal.ui.wizards.imports.PluginImportHelper
when weaving type org.eclipse.jdt.internal.debug.ui.actions.ToggleBreakpointAdapter
when weaving classes 
when weaving 
 [Xlint:cantFindType]
2015-10-07 21:16:20,127 ERROR [main] - System.err - [org.eclipse.jdt.debug] error can't determine modifiers of missing type org.eclipse.pde.internal.ui.wizards.imports.PluginImportHelper
when weaving type org.eclipse.jdt.debug.core.IJavaHotCodeReplaceListener
when weaving classes 
when weaving 
 [Xlint:cantFindType]
2015-10-07 21:16:35,093  WARN [Worker-1] - ScalaProject - Project TempScalaProject has platform default sourceLevel.
2015-10-07 21:16:35,095  WARN [Worker-1] - ScalaProject - Project TempScalaProject runs on platform default installation.
2015-10-07 21:16:35,131  WARN [Worker-1] - ScalaProject - Project TempScalaProject has platform default sourceLevel.
2015-10-07 21:16:35,131  WARN [Worker-1] - ScalaProject - Project TempScalaProject runs on platform default installation.
2015-10-07 21:16:35,487  WARN [Worker-1] - ScalaProject - Project TempScalaProject has platform default sourceLevel.
2015-10-07 21:16:35,487  WARN [Worker-1] - ScalaProject - Project TempScalaProject runs on platform default installation.
2015-10-07 21:16:39,016  WARN [Worker-1] - ScalaProject - Project TempScalaProject has platform default sourceLevel.
2015-10-07 21:16:39,016  WARN [Worker-1] - ScalaProject - Project TempScalaProject runs on platform default installation.
2015-10-07 21:17:08,081 ERROR [main] - System.err - [org.eclipse.debug.core] error can't determine modifiers of missing type org.eclipse.pde.internal.ui.wizards.imports.PluginImportHelper
when weaving type org.eclipse.debug.core.ILaunchListener
when weaving classes 
when weaving 
 [Xlint:cantFindType]
2015-10-07 21:17:08,771  WARN [main] - ScalaProject - Project TempScalaProject has platform default sourceLevel.
2015-10-07 21:17:08,772  WARN [main] - ScalaProject - Project TempScalaProject runs on platform default installation.
2015-10-07 21:17:08,777  WARN [main] - ScalaProject - Project TempScalaProject has platform default sourceLevel.
2015-10-07 21:17:08,778  WARN [main] - ScalaProject - Project TempScalaProject runs on platform default installation.
2015-10-07 21:17:08,838 ERROR [main] - System.err - [org.eclipse.jdt.launching] error can't determine modifiers of missing type org.eclipse.pde.internal.ui.wizards.imports.PluginImportHelper
when weaving type org.eclipse.jdt.internal.launching.JREContainerInitializer
when weaving classes 
when weaving 
 [Xlint:cantFindType]
2015-10-07 21:17:17,337  WARN [Worker-15] - ScalaProject - Project TempScalaProject has platform default sourceLevel.
2015-10-07 21:17:17,339  WARN [Worker-15] - ScalaProject - Project TempScalaProject runs on platform default installation.
2015-10-07 21:17:17,384  WARN [Worker-15] - ScalaProject - Project TempScalaProject has platform default sourceLevel.
2015-10-07 21:17:17,385  WARN [Worker-15] - ScalaProject - Project TempScalaProject runs on platform default installation.
2015-10-07 21:17:17,648  WARN [Worker-15] - ScalaProject - Project TempScalaProject has platform default sourceLevel.
2015-10-07 21:17:17,649  WARN [Worker-15] - ScalaProject - Project TempScalaProject runs on platform default installation.
2015-10-07 21:17:17,757  WARN [Worker-15] - ScalaProject - Project TempScalaProject has platform default sourceLevel.
2015-10-07 21:17:17,757  WARN [Worker-15] - ScalaProject - Project TempScalaProject runs on platform default installation.
2015-10-07 21:18:24,700 ERROR [main] - System.err - [org.eclipse.jdt.debug.ui] error can't determine modifiers of missing type org.eclipse.pde.internal.ui.wizards.imports.PluginImportHelper
when weaving type org.eclipse.jdt.internal.debug.ui.actions.ToggleBreakpointAdapter
when weaving classes 
when weaving 
 [Xlint:cantFindType]
2015-10-07 21:18:24,750 ERROR [main] - System.err - [org.eclipse.jdt.debug] error can't determine modifiers of missing type org.eclipse.pde.internal.ui.wizards.imports.PluginImportHelper
when weaving type org.eclipse.jdt.debug.core.IJavaHotCodeReplaceListener
when weaving classes 
when weaving 
 [Xlint:cantFindType]
2015-10-08 07:29:16,206 ERROR [main] - System.err - [org.eclipse.debug.core] error can't determine modifiers of missing type org.eclipse.pde.internal.ui.wizards.imports.PluginImportHelper
when weaving type org.eclipse.debug.core.ILaunchListener
when weaving classes 
when weaving 
 [Xlint:cantFindType]
2015-10-08 07:29:17,643  WARN [main] - ScalaProject - Project TempScalaProject has platform default sourceLevel.
2015-10-08 07:29:17,644  WARN [main] - ScalaProject - Project TempScalaProject runs on platform default installation.
2015-10-08 07:29:17,663  WARN [main] - ScalaProject - Project TempScalaProject has platform default sourceLevel.
2015-10-08 07:29:17,663  WARN [main] - ScalaProject - Project TempScalaProject runs on platform default installation.
2015-10-08 07:29:17,703 ERROR [main] - System.err - [org.eclipse.jdt.launching] error can't determine modifiers of missing type org.eclipse.pde.internal.ui.wizards.imports.PluginImportHelper
when weaving type org.eclipse.jdt.internal.launching.JREContainerInitializer
when weaving classes 
when weaving 
 [Xlint:cantFindType]
2015-10-08 13:55:06,325 ERROR [main] - System.err - [org.eclipse.debug.core] error can't determine modifiers of missing type org.eclipse.pde.internal.ui.wizards.imports.PluginImportHelper
when weaving type org.eclipse.debug.core.ILaunchListener
when weaving classes 
when weaving 
 [Xlint:cantFindType]
2015-10-08 13:55:07,442  WARN [main] - ScalaProject - Project TempScalaProject has platform default sourceLevel.
2015-10-08 13:55:07,443  WARN [main] - ScalaProject - Project TempScalaProject runs on platform default installation.
2015-10-08 13:55:07,454  WARN [main] - ScalaProject - Project TempScalaProject has platform default sourceLevel.
2015-10-08 13:55:07,454  WARN [main] - ScalaProject - Project TempScalaProject runs on platform default installation.
2015-10-08 13:55:07,510 ERROR [main] - System.err - [org.eclipse.jdt.launching] error can't determine modifiers of missing type org.eclipse.pde.internal.ui.wizards.imports.PluginImportHelper
when weaving type org.eclipse.jdt.internal.launching.JREContainerInitializer
when weaving classes 
when weaving 
 [Xlint:cantFindType]
2015-10-08 14:08:20,861 ERROR [main] - System.err - [org.eclipse.jdt.debug.ui] error can't determine modifiers of missing type org.eclipse.pde.internal.ui.wizards.imports.PluginImportHelper
when weaving type org.eclipse.jdt.internal.debug.ui.actions.ToggleBreakpointAdapter
when weaving classes 
when weaving 
 [Xlint:cantFindType]
2015-10-08 14:08:20,969 ERROR [main] - System.err - [org.eclipse.jdt.debug] error can't determine modifiers of missing type org.eclipse.pde.internal.ui.wizards.imports.PluginImportHelper
when weaving type org.eclipse.jdt.debug.core.IJavaHotCodeReplaceListener
when weaving classes 
when weaving 
 [Xlint:cantFindType]
2015-10-09 16:58:30,169 ERROR [main] - System.err - [org.eclipse.jdt.launching] error can't determine modifiers of missing type org.eclipse.pde.internal.ui.wizards.imports.PluginImportHelper
when weaving type org.eclipse.jdt.launching.JavaRuntime
when weaving classes 
when weaving 
 [Xlint:cantFindType]
2015-10-09 16:58:30,326 ERROR [main] - System.err - [org.eclipse.debug.core] error can't determine modifiers of missing type org.eclipse.pde.internal.ui.wizards.imports.PluginImportHelper
when weaving type org.eclipse.debug.core.ILaunchesListener
when weaving classes 
when weaving 
 [Xlint:cantFindType]
2015-10-09 16:58:37,031  WARN [Worker-7] - ScalaProject - Project TempScalaProject has platform default sourceLevel.
2015-10-09 16:58:37,032  WARN [Worker-7] - ScalaProject - Project TempScalaProject runs on platform default installation.
2015-10-11 19:12:43,078 ERROR [main] - System.err - [org.eclipse.jdt.launching] error can't determine modifiers of missing type org.eclipse.pde.internal.ui.wizards.imports.PluginImportHelper
when weaving type org.eclipse.jdt.launching.JavaRuntime
when weaving classes 
when weaving 
 [Xlint:cantFindType]
2015-10-11 19:12:43,361 ERROR [main] - System.err - [org.eclipse.debug.core] error can't determine modifiers of missing type org.eclipse.pde.internal.ui.wizards.imports.PluginImportHelper
when weaving type org.eclipse.debug.core.ILaunchesListener
when weaving classes 
when weaving 
 [Xlint:cantFindType]
2015-10-11 19:12:51,200  WARN [Worker-6] - ScalaProject - Project TempScalaProject has platform default sourceLevel.
2015-10-11 19:12:51,202  WARN [Worker-6] - ScalaProject - Project TempScalaProject runs on platform default installation.
2015-10-13 23:53:14,463 ERROR [main] - System.err - [org.eclipse.jdt.launching] error can't determine modifiers of missing type org.eclipse.pde.internal.ui.wizards.imports.PluginImportHelper
when weaving type org.eclipse.jdt.launching.JavaRuntime
when weaving classes 
when weaving 
 [Xlint:cantFindType]
2015-10-13 23:53:14,553 ERROR [main] - System.err - [org.eclipse.debug.core] error can't determine modifiers of missing type org.eclipse.pde.internal.ui.wizards.imports.PluginImportHelper
when weaving type org.eclipse.debug.core.ILaunchesListener
when weaving classes 
when weaving 
 [Xlint:cantFindType]
2015-10-13 23:53:22,719  WARN [Worker-7] - ScalaProject - Project TempScalaProject has platform default sourceLevel.
2015-10-13 23:53:22,722  WARN [Worker-7] - ScalaProject - Project TempScalaProject runs on platform default installation.
2015-10-14 18:50:18,705 ERROR [Worker-2] - System.err - [org.eclipse.jdt.ui] error can't determine modifiers of missing type org.eclipse.pde.internal.ui.wizards.imports.PluginImportHelper
when weaving type org.eclipse.jdt.internal.ui.BuildpathIndicatorLabelDecorator
when weaving classes 
when weaving 
 [Xlint:cantFindType]
2015-10-14 18:50:19,057 ERROR [Worker-12] - System.err - [org.eclipse.jdt.launching] error can't determine modifiers of missing type org.eclipse.pde.internal.ui.wizards.imports.PluginImportHelper
when weaving type org.eclipse.jdt.internal.launching.JREContainerInitializer
when weaving classes 
when weaving 
 [Xlint:cantFindType]
2015-10-14 18:50:19,498  WARN [Worker-12] - ScalaProject - Project TempScalaProject has platform default sourceLevel.
2015-10-14 18:50:19,499  WARN [Worker-12] - ScalaProject - Project TempScalaProject runs on platform default installation.
2015-10-14 19:02:21,982  WARN [main] - ScalaProject - Project TempScalaProject has platform default sourceLevel.
2015-10-14 19:02:21,982  WARN [main] - ScalaProject - Project TempScalaProject runs on platform default installation.
2015-10-14 19:02:26,929 ERROR [main] - System.err - [org.eclipse.jdt.debug.ui] error can't determine modifiers of missing type org.eclipse.pde.internal.ui.wizards.imports.PluginImportHelper
when weaving type org.eclipse.jdt.internal.debug.ui.actions.ToggleBreakpointAdapter
when weaving classes 
when weaving 
 [Xlint:cantFindType]
2015-10-14 19:02:27,055 ERROR [main] - System.err - [org.eclipse.jdt.debug] error can't determine modifiers of missing type org.eclipse.pde.internal.ui.wizards.imports.PluginImportHelper
when weaving type org.eclipse.jdt.debug.core.IJavaHotCodeReplaceListener
when weaving classes 
when weaving 
 [Xlint:cantFindType]
2015-10-14 19:02:35,956  WARN [Worker-21] - ScalaProject - Project TempScalaProject has platform default sourceLevel.
2015-10-14 19:02:35,956  WARN [Worker-21] - ScalaProject - Project TempScalaProject runs on platform default installation.
2015-10-14 19:02:36,018  WARN [Worker-21] - ScalaProject - Project TempScalaProject has platform default sourceLevel.
2015-10-14 19:02:36,018  WARN [Worker-21] - ScalaProject - Project TempScalaProject runs on platform default installation.
2015-10-14 19:02:36,497  WARN [Worker-21] - ScalaProject - Project TempScalaProject has platform default sourceLevel.
2015-10-14 19:02:36,497  WARN [Worker-21] - ScalaProject - Project TempScalaProject runs on platform default installation.
2015-10-14 19:02:36,778  WARN [Worker-21] - ScalaProject - Project TempScalaProject has platform default sourceLevel.
2015-10-14 19:02:36,778  WARN [Worker-21] - ScalaProject - Project TempScalaProject runs on platform default installation.
2015-10-14 19:04:48,997 ERROR [Worker-1] - System.err - [org.eclipse.debug.core] error can't determine modifiers of missing type org.eclipse.pde.internal.ui.wizards.imports.PluginImportHelper
when weaving type org.eclipse.debug.core.model.IDebugModelProvider
when weaving classes 
when weaving 
 [Xlint:cantFindType]
2015-10-14 19:05:34,163 ERROR [main] - System.err - [org.eclipse.jdt.launching] error can't determine modifiers of missing type org.eclipse.pde.internal.ui.wizards.imports.PluginImportHelper
when weaving type org.eclipse.jdt.launching.JavaRuntime
when weaving classes 
when weaving 
 [Xlint:cantFindType]
2015-10-14 19:06:49,088  WARN [ModalContext] - ScalaProject - Project List1NotWorksInIDEOnlyReplAndNotes has platform default sourceLevel.
2015-10-14 19:06:49,089  WARN [ModalContext] - ScalaProject - Project List1NotWorksInIDEOnlyReplAndNotes runs on platform default installation.
2015-10-14 19:06:49,892  WARN [Worker-13] - ScalaProject - Project List1NotWorksInIDEOnlyReplAndNotes has platform default sourceLevel.
2015-10-14 19:06:49,893  WARN [Worker-13] - ScalaProject - Project List1NotWorksInIDEOnlyReplAndNotes runs on platform default installation.
2015-10-14 19:06:51,435  WARN [Worker-13] - ScalaProject - Project List1NotWorksInIDEOnlyReplAndNotes has platform default sourceLevel.
2015-10-14 19:06:51,435  WARN [Worker-13] - ScalaProject - Project List1NotWorksInIDEOnlyReplAndNotes runs on platform default installation.
2015-10-14 19:06:51,477  WARN [Worker-13] - ScalaProject - Project List1NotWorksInIDEOnlyReplAndNotes has platform default sourceLevel.
2015-10-14 19:06:51,477  WARN [Worker-13] - ScalaProject - Project List1NotWorksInIDEOnlyReplAndNotes runs on platform default installation.
2015-10-14 19:06:52,333 ERROR [Worker-3] - System.err - [org.eclipse.jdt.debug.ui] error can't determine modifiers of missing type org.eclipse.pde.internal.ui.wizards.imports.PluginImportHelper
when weaving type org.eclipse.jdt.debug.ui.launchConfigurations.JavaAppletLaunchShortcut
when weaving classes 
when weaving 
 [Xlint:cantFindType]
2015-10-14 19:06:52,388 ERROR [Worker-3] - System.err - [org.eclipse.jdt.debug] error can't determine modifiers of missing type org.eclipse.pde.internal.ui.wizards.imports.PluginImportHelper
when weaving type org.eclipse.jdt.debug.core.IJavaHotCodeReplaceListener
when weaving classes 
when weaving 
 [Xlint:cantFindType]
2015-10-14 19:07:51,103  WARN [Worker-11] - ScalaProject - Project List1NotWorksInIDEOnlyReplAndNotes has platform default sourceLevel.
2015-10-14 19:07:51,104  WARN [Worker-11] - ScalaProject - Project List1NotWorksInIDEOnlyReplAndNotes runs on platform default installation.
2015-10-14 19:07:51,138  WARN [Worker-11] - ScalaProject - Project List1NotWorksInIDEOnlyReplAndNotes has platform default sourceLevel.
2015-10-14 19:07:51,138  WARN [Worker-11] - ScalaProject - Project List1NotWorksInIDEOnlyReplAndNotes runs on platform default installation.
2015-10-14 19:07:51,156  WARN [Worker-11] - ScalaProject - Project List1NotWorksInIDEOnlyReplAndNotes has platform default sourceLevel.
2015-10-14 19:07:51,157  WARN [Worker-11] - ScalaProject - Project List1NotWorksInIDEOnlyReplAndNotes runs on platform default installation.
2015-10-14 19:17:10,715 ERROR [main] - System.err - [org.eclipse.jdt.launching] error can't determine modifiers of missing type org.eclipse.pde.internal.ui.wizards.imports.PluginImportHelper
when weaving type org.eclipse.jdt.launching.JavaRuntime
when weaving classes 
when weaving 
 [Xlint:cantFindType]
2015-10-14 19:17:16,930  WARN [ModalContext] - ScalaProject - Project List1OCamlToScala has platform default sourceLevel.
2015-10-14 19:17:16,931  WARN [ModalContext] - ScalaProject - Project List1OCamlToScala runs on platform default installation.
2015-10-14 19:17:17,643  WARN [Worker-10] - ScalaProject - Project List1OCamlToScala has platform default sourceLevel.
2015-10-14 19:17:17,644  WARN [Worker-10] - ScalaProject - Project List1OCamlToScala runs on platform default installation.
2015-10-14 19:17:18,001  WARN [Worker-10] - ScalaProject - Project List1OCamlToScala has platform default sourceLevel.
2015-10-14 19:17:18,001  WARN [Worker-10] - ScalaProject - Project List1OCamlToScala runs on platform default installation.
2015-10-14 19:17:18,037  WARN [Worker-10] - ScalaProject - Project List1OCamlToScala has platform default sourceLevel.
2015-10-14 19:17:18,037  WARN [Worker-10] - ScalaProject - Project List1OCamlToScala runs on platform default installation.
2015-10-14 19:17:30,353  WARN [Worker-0] - ScalaProject - Project List1OCamlToScala has platform default sourceLevel.
2015-10-14 19:17:30,354  WARN [Worker-0] - ScalaProject - Project List1OCamlToScala runs on platform default installation.
2015-10-14 19:17:30,395  WARN [Worker-0] - ScalaProject - Project List1OCamlToScala has platform default sourceLevel.
2015-10-14 19:17:30,395  WARN [Worker-0] - ScalaProject - Project List1OCamlToScala runs on platform default installation.
2015-10-14 19:17:30,419  WARN [Worker-0] - ScalaProject - Project List1OCamlToScala has platform default sourceLevel.
2015-10-14 19:17:30,420  WARN [Worker-0] - ScalaProject - Project List1OCamlToScala runs on platform default installation.
2015-10-14 19:17:31,582 ERROR [Worker-11] - System.err - [org.eclipse.jdt.debug.ui] error can't determine modifiers of missing type org.eclipse.pde.internal.ui.wizards.imports.PluginImportHelper
when weaving type org.eclipse.jdt.debug.ui.launchConfigurations.JavaAppletLaunchShortcut
when weaving classes 
when weaving 
 [Xlint:cantFindType]
2015-10-14 19:17:31,618 ERROR [Worker-11] - System.err - [org.eclipse.jdt.debug] error can't determine modifiers of missing type org.eclipse.pde.internal.ui.wizards.imports.PluginImportHelper
when weaving type org.eclipse.jdt.debug.core.IJavaHotCodeReplaceListener
when weaving classes 
when weaving 
 [Xlint:cantFindType]
2015-10-14 19:17:41,867  WARN [Worker-7] - ScalaProject - Project List1OCamlToScala has platform default sourceLevel.
2015-10-14 19:17:41,867  WARN [Worker-7] - ScalaProject - Project List1OCamlToScala runs on platform default installation.
2015-10-14 19:17:41,916  WARN [Worker-7] - ScalaProject - Project List1OCamlToScala has platform default sourceLevel.
2015-10-14 19:17:41,916  WARN [Worker-7] - ScalaProject - Project List1OCamlToScala runs on platform default installation.
2015-10-14 19:17:41,950  WARN [Worker-7] - ScalaProject - Project List1OCamlToScala has platform default sourceLevel.
2015-10-14 19:17:41,950  WARN [Worker-7] - ScalaProject - Project List1OCamlToScala runs on platform default installation.
2015-10-14 19:17:44,142  WARN [Worker-7] - ScalaProject - Project List1OCamlToScala has platform default sourceLevel.
2015-10-14 19:17:44,142  WARN [Worker-7] - ScalaProject - Project List1OCamlToScala runs on platform default installation.
2015-10-14 19:17:44,165  WARN [Worker-7] - ScalaProject - Project List1OCamlToScala has platform default sourceLevel.
2015-10-14 19:17:44,165  WARN [Worker-7] - ScalaProject - Project List1OCamlToScala runs on platform default installation.
2015-10-14 19:17:44,181  WARN [Worker-7] - ScalaProject - Project List1OCamlToScala has platform default sourceLevel.
2015-10-14 19:17:44,181  WARN [Worker-7] - ScalaProject - Project List1OCamlToScala runs on platform default installation.
2015-10-14 19:19:52,394  WARN [Worker-4] - ScalaProject - Project List1OCamlToScala has platform default sourceLevel.
2015-10-14 19:19:52,395  WARN [Worker-4] - ScalaProject - Project List1OCamlToScala runs on platform default installation.
2015-10-14 19:19:52,429  WARN [Worker-4] - ScalaProject - Project List1OCamlToScala has platform default sourceLevel.
2015-10-14 19:19:52,429  WARN [Worker-4] - ScalaProject - Project List1OCamlToScala runs on platform default installation.
2015-10-14 19:19:52,455  WARN [Worker-4] - ScalaProject - Project List1OCamlToScala has platform default sourceLevel.
2015-10-14 19:19:52,455  WARN [Worker-4] - ScalaProject - Project List1OCamlToScala runs on platform default installation.
2015-10-14 19:20:05,032  WARN [Worker-1] - ScalaProject - Project List1OCamlToScala has platform default sourceLevel.
2015-10-14 19:20:05,033  WARN [Worker-1] - ScalaProject - Project List1OCamlToScala runs on platform default installation.
2015-10-14 19:20:05,052  WARN [Worker-1] - ScalaProject - Project List1OCamlToScala has platform default sourceLevel.
2015-10-14 19:20:05,052  WARN [Worker-1] - ScalaProject - Project List1OCamlToScala runs on platform default installation.
2015-10-14 19:20:05,067  WARN [Worker-1] - ScalaProject - Project List1OCamlToScala has platform default sourceLevel.
2015-10-14 19:20:05,067  WARN [Worker-1] - ScalaProject - Project List1OCamlToScala runs on platform default installation.
2015-10-14 19:20:19,447  WARN [Worker-7] - ScalaProject - Project List1OCamlToScala has platform default sourceLevel.
2015-10-14 19:20:19,448  WARN [Worker-7] - ScalaProject - Project List1OCamlToScala runs on platform default installation.
2015-10-14 19:20:19,478  WARN [Worker-7] - ScalaProject - Project List1OCamlToScala has platform default sourceLevel.
2015-10-14 19:20:19,478  WARN [Worker-7] - ScalaProject - Project List1OCamlToScala runs on platform default installation.
2015-10-14 19:20:19,494  WARN [Worker-7] - ScalaProject - Project List1OCamlToScala has platform default sourceLevel.
2015-10-14 19:20:19,494  WARN [Worker-7] - ScalaProject - Project List1OCamlToScala runs on platform default installation.
2015-10-14 20:41:59,928  WARN [Worker-25] - ScalaProject - Project List1OCamlToScala has platform default sourceLevel.
2015-10-14 20:41:59,928  WARN [Worker-25] - ScalaProject - Project List1OCamlToScala runs on platform default installation.
2015-10-14 20:41:59,965  WARN [Worker-25] - ScalaProject - Project List1OCamlToScala has platform default sourceLevel.
2015-10-14 20:41:59,965  WARN [Worker-25] - ScalaProject - Project List1OCamlToScala runs on platform default installation.
2015-10-14 20:41:59,983  WARN [Worker-25] - ScalaProject - Project List1OCamlToScala has platform default sourceLevel.
2015-10-14 20:41:59,984  WARN [Worker-25] - ScalaProject - Project List1OCamlToScala runs on platform default installation.
2015-10-14 21:06:02,527  WARN [Worker-25] - ScalaProject - Project List1OCamlToScala has platform default sourceLevel.
2015-10-14 21:06:02,527  WARN [Worker-25] - ScalaProject - Project List1OCamlToScala runs on platform default installation.
2015-10-14 21:06:02,559  WARN [Worker-25] - ScalaProject - Project List1OCamlToScala has platform default sourceLevel.
2015-10-14 21:06:02,559  WARN [Worker-25] - ScalaProject - Project List1OCamlToScala runs on platform default installation.
2015-10-14 21:06:02,572  WARN [Worker-25] - ScalaProject - Project List1OCamlToScala has platform default sourceLevel.
2015-10-14 21:06:02,573  WARN [Worker-25] - ScalaProject - Project List1OCamlToScala runs on platform default installation.
2015-10-14 21:16:18,278  WARN [Worker-32] - ScalaProject - Project List1OCamlToScala has platform default sourceLevel.
2015-10-14 21:16:18,279  WARN [Worker-32] - ScalaProject - Project List1OCamlToScala runs on platform default installation.
2015-10-14 21:16:18,305  WARN [Worker-32] - ScalaProject - Project List1OCamlToScala has platform default sourceLevel.
2015-10-14 21:16:18,305  WARN [Worker-32] - ScalaProject - Project List1OCamlToScala runs on platform default installation.
2015-10-14 21:16:18,320  WARN [Worker-32] - ScalaProject - Project List1OCamlToScala has platform default sourceLevel.
2015-10-14 21:16:18,320  WARN [Worker-32] - ScalaProject - Project List1OCamlToScala runs on platform default installation.
